2021-11-30T19:25:26.124Z - info: [ui] [AppStore] loading 0 repositories from store
2021-11-30T19:25:26.333Z - info: [ui] [Welcome] no sign in step found. ignoring...
2021-11-30T19:25:26.419Z - info: [ui] [Welcome] no sign in step found. ignoring...
2021-11-30T19:25:26.455Z - info: [ui] launching: 2.9.4-linux1 (Linux 5.15.3-1-default)
2021-11-30T19:25:26.457Z - info: [ui] execPath: '/tmp/.mount_GitHubcC2aw3/github-desktop'
2021-11-30T19:25:26.575Z - info: [ui] [Welcome] no sign in step found. ignoring...
2021-11-30T19:25:26.630Z - info: [ui] Opt in reported.
2021-11-30T19:25:29.483Z - info: [ui] [Welcome] advancing to step: SignInToDotComWithBrowser
2021-11-30T19:25:29.487Z - info: [ui] [SignInStore] initializing OAuth flow
2021-11-30T19:25:29.493Z - info: [main] opening in browser: https://github.com/login/oauth/authorize?client_id=3a723b10ac5575cc5bb9&scope=repo%20user%20workflow&state=d8eb5cdd-5336-4b48-a9e7-1703b47cc3c7
2021-11-30T19:25:29.496Z - info: [ui] [Welcome] current sign in state not found. ignoring...
2021-11-30T19:25:29.836Z - info: [ui] [Welcome] kind Authentication is the same as Authentication. ignoring...
2021-11-30T19:25:32.129Z - info: [ui] [Welcome] kind Authentication is the same as Authentication. ignoring...
2021-11-30T19:25:32.154Z - info: [ui] [Welcome] kind Authentication is the same as Authentication. ignoring...
2021-11-30T19:25:33.257Z - info: [ui] [Welcome] kind Authentication is the same as Authentication. ignoring...
2021-11-30T19:25:33.625Z - info: [ui] [Welcome] kind Authentication is the same as Authentication. ignoring...
2021-11-30T19:25:38.042Z - info: [main] Received possible protocol arguments: 3
2021-11-30T19:25:38.042Z - info: [main] Processing protocol url
2021-11-30T19:25:38.069Z - warn: [ui] Unknown URL action: unknown - payload: {"name":"unknown","url":"--no-sandbox"}
2021-11-30T19:25:38.070Z - info: [ui] [Welcome] kind Authentication is the same as Authentication. ignoring...
2021-11-30T19:25:38.097Z - info: [ui] [Welcome] kind Authentication is the same as Authentication. ignoring...
2021-11-30T19:26:01.798Z - info: [ui] [Welcome] kind Authentication is the same as Authentication. ignoring...
2021-11-30T19:26:02.231Z - info: [ui] [Welcome] kind Authentication is the same as Authentication. ignoring...
2021-11-30T19:26:02.322Z - info: [ui] [Welcome] kind Authentication is the same as Authentication. ignoring...
2021-11-30T19:27:41.722Z - info: [ui] [Welcome] kind Authentication is the same as Authentication. ignoring...
2021-11-30T19:27:43.733Z - info: [ui] [Welcome] advancing to step: Start
2021-11-30T19:27:44.789Z - info: [ui] [Welcome] advancing to step: SignInToDotComWithBrowser
2021-11-30T19:27:44.800Z - info: [ui] [SignInStore] initializing OAuth flow
2021-11-30T19:27:44.809Z - info: [main] opening in browser: https://github.com/login/oauth/authorize?client_id=3a723b10ac5575cc5bb9&scope=repo%20user%20workflow&state=2951fcb1-f451-4acf-aaa7-186ef7c2fc4d
2021-11-30T19:27:44.813Z - info: [ui] [Welcome] kind Authentication is the same as Authentication. ignoring...
2021-11-30T19:27:45.185Z - info: [ui] [Welcome] kind Authentication is the same as Authentication. ignoring...
2021-11-30T19:27:52.970Z - info: [main] Received possible protocol arguments: 3
2021-11-30T19:27:52.970Z - info: [main] Processing protocol url
2021-11-30T19:27:52.980Z - warn: [ui] Unknown URL action: unknown - payload: {"name":"unknown","url":"--no-sandbox"}
2021-11-30T19:27:53.012Z - info: [ui] [Welcome] kind Authentication is the same as Authentication. ignoring...
2021-11-30T19:27:53.037Z - info: [ui] [Welcome] kind Authentication is the same as Authentication. ignoring...
2021-11-30T19:27:56.631Z - info: [ui] [Welcome] kind Authentication is the same as Authentication. ignoring...
2021-11-30T19:28:10.217Z - info: [ui] [Welcome] kind Authentication is the same as Authentication. ignoring...
